
> itap-monorepo@1.0.0 dev:backend /Users/mk/Projects/3V/3v_mono
> pnpm --filter backend dev


> backend@1.0.0 dev /Users/mk/Projects/3V/3v_mono/apps/backend
> nodemon --exec tsx src/index.ts

[33m[nodemon] 3.1.10[39m
[33m[nodemon] to restart at any time, enter `rs`[39m
[33m[nodemon] watching path(s): *.*[39m
[33m[nodemon] watching extensions: ts,json[39m
[32m[nodemon] starting `tsx src/index.ts`[39m
Redis client connected
Redis client ready
Database connection initialized successfully
Redis connection established successfully
🚀 Server running on port 3001
📍 Environment: development
🔗 CORS enabled for: http://localhost:5173
[0mGET /health [32m200[0m 1.776 ms - 105[0m
[0mGET / [33m404[0m 0.450 ms - 51[0m
[0mGET /api/identities [32m200[0m 1.103 ms - 199[0m
[0mPOST /api/auth/login [32m200[0m 0.837 ms - 118[0m
